c:\avast.ipdb
c:\avast.iobj
c:\users\grab\documents\visual studio 2017\projects\avast overlay\avast overlay\x64\release\vc141.pdb
c:\users\grab\documents\visual studio 2017\projects\avast overlay\avast overlay\x64\release\process.obj
c:\users\grab\documents\visual studio 2017\projects\avast overlay\avast overlay\x64\release\main.obj
c:\users\grab\documents\visual studio 2017\projects\avast overlay\avast overlay\x64\release\function.obj
c:\users\grab\documents\visual studio 2017\projects\avast overlay\avast overlay\x64\release\engine.obj
c:\users\grab\documents\visual studio 2017\projects\avast overlay\avast overlay\x64\release\drawing.obj
c:\users\grab\documents\visual studio 2017\projects\avast overlay\avast overlay\x64\release\directx.obj
c:\avast.exe
c:\avast.pdb
c:\users\grab\documents\visual studio 2017\projects\avast overlay\avast overlay\x64\release\avast overlay.res
c:\users\grab\documents\visual studio 2017\projects\avast overlay\avast overlay\..\..\..\..\..\..\..\avast.exe
c:\users\grab\documents\visual studio 2017\projects\avast overlay\avast overlay\x64\release\avast overlay.tlog\avast overlay.write.1u.tlog
c:\users\grab\documents\visual studio 2017\projects\avast overlay\avast overlay\x64\release\avast overlay.tlog\cl.command.1.tlog
c:\users\grab\documents\visual studio 2017\projects\avast overlay\avast overlay\x64\release\avast overlay.tlog\cl.read.1.tlog
c:\users\grab\documents\visual studio 2017\projects\avast overlay\avast overlay\x64\release\avast overlay.tlog\cl.write.1.tlog
c:\users\grab\documents\visual studio 2017\projects\avast overlay\avast overlay\x64\release\avast overlay.tlog\link.command.1.tlog
c:\users\grab\documents\visual studio 2017\projects\avast overlay\avast overlay\x64\release\avast overlay.tlog\link.read.1.tlog
c:\users\grab\documents\visual studio 2017\projects\avast overlay\avast overlay\x64\release\avast overlay.tlog\link.write.1.tlog
c:\users\grab\documents\visual studio 2017\projects\avast overlay\avast overlay\x64\release\avast overlay.tlog\rc.command.1.tlog
c:\users\grab\documents\visual studio 2017\projects\avast overlay\avast overlay\x64\release\avast overlay.tlog\rc.read.1.tlog
c:\users\grab\documents\visual studio 2017\projects\avast overlay\avast overlay\x64\release\avast overlay.tlog\rc.write.1.tlog
